2025-05-23 15:13:14,910 - __main__ - INFO - Using fingerprint output path: D:\_WORK\Radiolytics\radiolytics_server\fingerprints
2025-05-23 15:13:14,911 - __main__ - INFO - Initialized recorder for Smile FM with 140 frames per recording
2025-05-23 15:13:14,912 - __main__ - INFO - Started recording Smile FM
2025-05-23 15:13:14,912 - __main__ - INFO - Started recorder for Smile FM
2025-05-23 15:13:14,912 - __main__ - INFO - Initialized recorder for KFM with 140 frames per recording
2025-05-23 15:13:14,913 - __main__ - INFO - Started recording KFM
2025-05-23 15:13:14,913 - __main__ - INFO - Started recorder for KFM
2025-05-23 15:13:22,105 - __main__ - ERROR - Error capturing audio: buffer size must be a multiple of element size
2025-05-23 15:13:25,539 - __main__ - INFO - Saved fingerprint for KFM at 1748006002 - Public URL: https://storage.googleapis.com/newbuckettest.firebasestorage.app/fingerprints/15-13-22_LiveStreamFingerprint_KFM_7s.json
2025-05-23 15:13:25,541 - __main__ - INFO - Saved reference fingerprint locally at D:\_WORK\Radiolytics\radiolytics_server\fingerprints\15-13-22_LiveStreamFingerprint_KFM_7s.json
2025-05-23 15:13:26,617 - __main__ - INFO - Deleted old fingerprint: fingerprints/15-04-23_LiveStreamFingerprint_Smile FM_7s.json
2025-05-23 15:13:26,990 - __main__ - INFO - Deleted old fingerprint: fingerprints/15-04-28_LiveStreamFingerprint_KFM_7s.json
2025-05-23 15:13:27,372 - __main__ - INFO - Deleted old fingerprint: fingerprints/15-04-45_LiveStreamFingerprint_KFM_7s.json
2025-05-23 15:13:27,756 - __main__ - INFO - Deleted old fingerprint: fingerprints/15-04-53_LiveStreamFingerprint_Smile FM_7s.json
2025-05-23 15:13:28,132 - __main__ - INFO - Deleted old fingerprint: fingerprints/15-05-02_LiveStreamFingerprint_KFM_7s.json
2025-05-23 15:13:28,505 - __main__ - INFO - Deleted old fingerprint: fingerprints/15-05-19_LiveStreamFingerprint_KFM_7s.json
2025-05-23 15:13:28,882 - __main__ - INFO - Deleted old fingerprint: fingerprints/15-05-37_LiveStreamFingerprint_KFM_7s.json
2025-05-23 15:13:29,257 - __main__ - INFO - Deleted old fingerprint: fingerprints/15-05-54_LiveStreamFingerprint_KFM_7s.json
2025-05-23 15:13:29,630 - __main__ - INFO - Deleted old fingerprint: fingerprints/15-06-11_LiveStreamFingerprint_KFM_7s.json
2025-05-23 15:13:30,004 - __main__ - INFO - Deleted old fingerprint: fingerprints/15-06-28_LiveStreamFingerprint_KFM_7s.json
2025-05-23 15:13:30,382 - __main__ - INFO - Deleted old fingerprint: fingerprints/15-06-34_LiveStreamFingerprint_Smile FM_7s.json
2025-05-23 15:13:30,754 - __main__ - INFO - Deleted old fingerprint: fingerprints/15-06-46_LiveStreamFingerprint_KFM_7s.json
2025-05-23 15:13:31,129 - __main__ - INFO - Deleted old fingerprint: fingerprints/15-06-51_LiveStreamFingerprint_Smile FM_7s.json
2025-05-23 15:13:31,516 - __main__ - INFO - Deleted old fingerprint: fingerprints/15-07-02_LiveStreamFingerprint_KFM_7s.json
2025-05-23 15:13:31,899 - __main__ - INFO - Deleted old fingerprint: fingerprints/15-07-19_LiveStreamFingerprint_KFM_7s.json
2025-05-23 15:13:32,281 - __main__ - INFO - Deleted old fingerprint: fingerprints/15-07-36_LiveStreamFingerprint_KFM_7s.json
2025-05-23 15:13:38,055 - __main__ - INFO - Saved fingerprint for Smile FM at 1748006016 - Public URL: https://storage.googleapis.com/newbuckettest.firebasestorage.app/fingerprints/15-13-36_LiveStreamFingerprint_Smile%20FM_7s.json
2025-05-23 15:13:38,057 - __main__ - INFO - Saved reference fingerprint locally at D:\_WORK\Radiolytics\radiolytics_server\fingerprints\15-13-36_LiveStreamFingerprint_Smile FM_7s.json
2025-05-23 15:13:48,345 - __main__ - INFO - Saved fingerprint for KFM at 1748006026 - Public URL: https://storage.googleapis.com/newbuckettest.firebasestorage.app/fingerprints/15-13-46_LiveStreamFingerprint_KFM_7s.json
2025-05-23 15:13:48,346 - __main__ - INFO - Saved reference fingerprint locally at D:\_WORK\Radiolytics\radiolytics_server\fingerprints\15-13-46_LiveStreamFingerprint_KFM_7s.json
2025-05-23 15:13:52,759 - __main__ - ERROR - Error capturing audio: buffer size must be a multiple of element size
2025-05-23 15:14:04,462 - __main__ - INFO - Saved fingerprint for KFM at 1748006042 - Public URL: https://storage.googleapis.com/newbuckettest.firebasestorage.app/fingerprints/15-14-02_LiveStreamFingerprint_KFM_7s.json
2025-05-23 15:14:04,464 - __main__ - INFO - Saved reference fingerprint locally at D:\_WORK\Radiolytics\radiolytics_server\fingerprints\15-14-02_LiveStreamFingerprint_KFM_7s.json
2025-05-23 15:14:06,992 - __main__ - ERROR - Error capturing audio: buffer size must be a multiple of element size
2025-05-23 15:14:21,278 - __main__ - INFO - Saved fingerprint for KFM at 1748006059 - Public URL: https://storage.googleapis.com/newbuckettest.firebasestorage.app/fingerprints/15-14-19_LiveStreamFingerprint_KFM_7s.json
2025-05-23 15:14:21,280 - __main__ - INFO - Saved reference fingerprint locally at D:\_WORK\Radiolytics\radiolytics_server\fingerprints\15-14-19_LiveStreamFingerprint_KFM_7s.json
2025-05-23 15:14:23,633 - __main__ - INFO - Saved fingerprint for Smile FM at 1748006061 - Public URL: https://storage.googleapis.com/newbuckettest.firebasestorage.app/fingerprints/15-14-21_LiveStreamFingerprint_Smile%20FM_7s.json
2025-05-23 15:14:23,635 - __main__ - INFO - Saved reference fingerprint locally at D:\_WORK\Radiolytics\radiolytics_server\fingerprints\15-14-21_LiveStreamFingerprint_Smile FM_7s.json
2025-05-23 15:14:37,390 - __main__ - INFO - Saved fingerprint for KFM at 1748006075 - Public URL: https://storage.googleapis.com/newbuckettest.firebasestorage.app/fingerprints/15-14-35_LiveStreamFingerprint_KFM_7s.json
2025-05-23 15:14:37,394 - __main__ - INFO - Saved reference fingerprint locally at D:\_WORK\Radiolytics\radiolytics_server\fingerprints\15-14-35_LiveStreamFingerprint_KFM_7s.json
2025-05-23 15:14:40,021 - __main__ - INFO - Saved fingerprint for Smile FM at 1748006078 - Public URL: https://storage.googleapis.com/newbuckettest.firebasestorage.app/fingerprints/15-14-38_LiveStreamFingerprint_Smile%20FM_7s.json
2025-05-23 15:14:40,024 - __main__ - INFO - Saved reference fingerprint locally at D:\_WORK\Radiolytics\radiolytics_server\fingerprints\15-14-38_LiveStreamFingerprint_Smile FM_7s.json
2025-05-23 15:14:53,595 - __main__ - INFO - Saved fingerprint for KFM at 1748006092 - Public URL: https://storage.googleapis.com/newbuckettest.firebasestorage.app/fingerprints/15-14-52_LiveStreamFingerprint_KFM_7s.json
2025-05-23 15:14:53,598 - __main__ - INFO - Saved reference fingerprint locally at D:\_WORK\Radiolytics\radiolytics_server\fingerprints\15-14-52_LiveStreamFingerprint_KFM_7s.json
2025-05-23 15:14:56,112 - __main__ - INFO - Saved fingerprint for Smile FM at 1748006094 - Public URL: https://storage.googleapis.com/newbuckettest.firebasestorage.app/fingerprints/15-14-54_LiveStreamFingerprint_Smile%20FM_7s.json
2025-05-23 15:14:56,113 - __main__ - INFO - Saved reference fingerprint locally at D:\_WORK\Radiolytics\radiolytics_server\fingerprints\15-14-54_LiveStreamFingerprint_Smile FM_7s.json
2025-05-23 15:15:09,747 - __main__ - INFO - Saved fingerprint for KFM at 1748006108 - Public URL: https://storage.googleapis.com/newbuckettest.firebasestorage.app/fingerprints/15-15-08_LiveStreamFingerprint_KFM_7s.json
2025-05-23 15:15:09,753 - __main__ - INFO - Saved reference fingerprint locally at D:\_WORK\Radiolytics\radiolytics_server\fingerprints\15-15-08_LiveStreamFingerprint_KFM_7s.json
2025-05-23 15:15:12,316 - __main__ - INFO - Saved fingerprint for Smile FM at 1748006110 - Public URL: https://storage.googleapis.com/newbuckettest.firebasestorage.app/fingerprints/15-15-10_LiveStreamFingerprint_Smile%20FM_7s.json
2025-05-23 15:15:12,318 - __main__ - INFO - Saved reference fingerprint locally at D:\_WORK\Radiolytics\radiolytics_server\fingerprints\15-15-10_LiveStreamFingerprint_Smile FM_7s.json
2025-05-23 15:15:25,975 - __main__ - INFO - Saved fingerprint for KFM at 1748006124 - Public URL: https://storage.googleapis.com/newbuckettest.firebasestorage.app/fingerprints/15-15-24_LiveStreamFingerprint_KFM_7s.json
2025-05-23 15:15:25,976 - __main__ - INFO - Saved reference fingerprint locally at D:\_WORK\Radiolytics\radiolytics_server\fingerprints\15-15-24_LiveStreamFingerprint_KFM_7s.json
2025-05-23 15:15:26,883 - __main__ - INFO - Deleted old fingerprint: fingerprints/15-12-23_AppFingerprint_7s.json
